[INFO] Scanning for projects...
[INFO]                                                                         
[INFO] ------------------------------------------------------------------------
[INFO] Building Apache HttpComponents Core HTTP/1.1 5.0-alpha4-SNAPSHOT
[INFO] ------------------------------------------------------------------------
[INFO] 
[INFO] --- maven-checkstyle-plugin:2.9.1:checkstyle (validate) @ httpcore5 ---
[INFO] Starting audit...
Audit done.

[INFO] 
[INFO] --- maven-checkstyle-plugin:2.9.1:checkstyle (validate-main) @ httpcore5 ---
[INFO] Starting audit...
Audit done.

[INFO] 
[INFO] --- maven-checkstyle-plugin:2.9.1:checkstyle (validate-test) @ httpcore5 ---
[INFO] Starting audit...
Audit done.

[INFO] 
[INFO] --- maven-checkstyle-plugin:2.9.1:checkstyle (validate-examples) @ httpcore5 ---
[INFO] Starting audit...
Audit done.

[INFO] 
[INFO] --- build-helper-maven-plugin:1.12:parse-version (parse-version) @ httpcore5 ---
[INFO] 
[INFO] --- maven-remote-resources-plugin:1.5:process (process-resource-bundles) @ httpcore5 ---
[INFO] 
[INFO] --- buildnumber-maven-plugin:1.4:create (default) @ httpcore5 ---
[INFO] Executing: /bin/sh -c cd '/home/ubuntu/research/httpcore/httpcore5' && 'svn' '--non-interactive' 'info'
[INFO] Working directory: /home/ubuntu/research/httpcore/httpcore5
[INFO] Storing buildNumber: 1810292 at timestamp: 1506995771791
[INFO] Executing: /bin/sh -c cd '/home/ubuntu/research/httpcore/httpcore5' && 'svn' '--non-interactive' 'info'
[INFO] Working directory: /home/ubuntu/research/httpcore/httpcore5
[INFO] Storing buildScmBranch: trunk
[INFO] 
[INFO] --- maven-resources-plugin:3.0.1:resources (default-resources) @ httpcore5 ---
[INFO] Using 'UTF-8' encoding to copy filtered resources.
[INFO] Copying 1 resource
[INFO] Copying 3 resources
[INFO] 
[INFO] --- maven-compiler-plugin:3.6.0:compile (default-compile) @ httpcore5 ---
[INFO] Changes detected - recompiling the module!
[INFO] Compiling 415 source files to /home/ubuntu/research/httpcore/httpcore5/target/classes
[WARNING] bootstrap class path not set in conjunction with -source 1.7
[INFO] /home/ubuntu/research/httpcore/httpcore5/src/main/java/org/apache/hc/core5/http/protocol/ChainBuilder.java: Some input files use unchecked or unsafe operations.
[INFO] /home/ubuntu/research/httpcore/httpcore5/src/main/java/org/apache/hc/core5/http/protocol/ChainBuilder.java: Recompile with -Xlint:unchecked for details.
[INFO] 
[INFO] --- animal-sniffer-maven-plugin:1.15:check (checkAPIcompatibility) @ httpcore5 ---
[INFO] Checking unresolved references to org.codehaus.mojo.signature:java17:1.0
[INFO] 
[INFO] --- maven-resources-plugin:3.0.1:testResources (default-testResources) @ httpcore5 ---
[INFO] Using 'UTF-8' encoding to copy filtered resources.
[INFO] Copying 4 resources
[INFO] Copying 3 resources
[INFO] 
[INFO] --- maven-compiler-plugin:3.6.0:testCompile (default-testCompile) @ httpcore5 ---
[INFO] Nothing to compile - all classes are up to date
[INFO] 
[INFO] --- maven-surefire-plugin:2.19.1:test (default-test) @ httpcore5 ---

-------------------------------------------------------
 T E S T S
-------------------------------------------------------
Running org.apache.hc.core5.net.TestInetAddressUtils
Tests run: 7, Failures: 0, Errors: 0, Skipped: 0, Time elapsed: 0.032 sec - in org.apache.hc.core5.net.TestInetAddressUtils
Running org.apache.hc.core5.net.TestURIBuilder
Tests run: 26, Failures: 0, Errors: 0, Skipped: 0, Time elapsed: 0 sec - in org.apache.hc.core5.net.TestURIBuilder
Running org.apache.hc.core5.net.TestURIAuthority
Tests run: 7, Failures: 0, Errors: 0, Skipped: 0, Time elapsed: 0.051 sec - in org.apache.hc.core5.net.TestURIAuthority
Running org.apache.hc.core5.net.TestURLEncodedUtils
Tests run: 8, Failures: 0, Errors: 0, Skipped: 0, Time elapsed: 0.012 sec - in org.apache.hc.core5.net.TestURLEncodedUtils
Running org.apache.hc.core5.pool.TestRouteSpecificPool
Tests run: 10, Failures: 0, Errors: 0, Skipped: 0, Time elapsed: 0.267 sec - in org.apache.hc.core5.pool.TestRouteSpecificPool
Running org.apache.hc.core5.pool.TestPoolEntry
Tests run: 6, Failures: 0, Errors: 0, Skipped: 0, Time elapsed: 0.032 sec - in org.apache.hc.core5.pool.TestPoolEntry
Running org.apache.hc.core5.pool.TestStrictConnPool
Tests run: 16, Failures: 0, Errors: 0, Skipped: 0, Time elapsed: 0.751 sec - in org.apache.hc.core5.pool.TestStrictConnPool
Running org.apache.hc.core5.http.protocol.TestStandardInterceptors
Tests run: 78, Failures: 0, Errors: 0, Skipped: 0, Time elapsed: 0.337 sec - in org.apache.hc.core5.http.protocol.TestStandardInterceptors
Running org.apache.hc.core5.http.protocol.TestUriRegexMatcher
Tests run: 9, Failures: 0, Errors: 0, Skipped: 0, Time elapsed: 0 sec - in org.apache.hc.core5.http.protocol.TestUriRegexMatcher
Running org.apache.hc.core5.http.protocol.TestChainBuilder
Tests run: 1, Failures: 0, Errors: 0, Skipped: 0, Time elapsed: 0 sec - in org.apache.hc.core5.http.protocol.TestChainBuilder
Running org.apache.hc.core5.http.protocol.TestUriPatternMatcher
Tests run: 7, Failures: 0, Errors: 0, Skipped: 0, Time elapsed: 0 sec - in org.apache.hc.core5.http.protocol.TestUriPatternMatcher
Running org.apache.hc.core5.http.protocol.TestHttpExecutionContext
Tests run: 3, Failures: 0, Errors: 0, Skipped: 0, Time elapsed: 0 sec - in org.apache.hc.core5.http.protocol.TestHttpExecutionContext
Running org.apache.hc.core5.http.config.TestRegistry
Tests run: 1, Failures: 0, Errors: 0, Skipped: 0, Time elapsed: 0 sec - in org.apache.hc.core5.http.config.TestRegistry
Running org.apache.hc.core5.http.nio.entity.TestDigestingEntityConsumer
Tests run: 1, Failures: 0, Errors: 0, Skipped: 0, Time elapsed: 0 sec - in org.apache.hc.core5.http.nio.entity.TestDigestingEntityConsumer
Running org.apache.hc.core5.http.nio.entity.TestAbstractBinAsyncEntityProducer
Tests run: 2, Failures: 0, Errors: 0, Skipped: 0, Time elapsed: 0 sec - in org.apache.hc.core5.http.nio.entity.TestAbstractBinAsyncEntityProducer
Running org.apache.hc.core5.http.nio.entity.TestAbstractBinAsyncEntityConsumer
Tests run: 1, Failures: 0, Errors: 0, Skipped: 0, Time elapsed: 0 sec - in org.apache.hc.core5.http.nio.entity.TestAbstractBinAsyncEntityConsumer
Running org.apache.hc.core5.http.nio.entity.TestDigestingEntityProducer
Tests run: 1, Failures: 0, Errors: 0, Skipped: 0, Time elapsed: 0 sec - in org.apache.hc.core5.http.nio.entity.TestDigestingEntityProducer
Running org.apache.hc.core5.http.nio.entity.TestAbstractCharAsyncEntityProducer
Tests run: 2, Failures: 0, Errors: 0, Skipped: 0, Time elapsed: 0 sec - in org.apache.hc.core5.http.nio.entity.TestAbstractCharAsyncEntityProducer
Running org.apache.hc.core5.http.nio.entity.TestAbstractCharAsyncEntityConsumer
Tests run: 1, Failures: 0, Errors: 0, Skipped: 0, Time elapsed: 0 sec - in org.apache.hc.core5.http.nio.entity.TestAbstractCharAsyncEntityConsumer
Running org.apache.hc.core5.http.nio.entity.TestBasicAsyncEntityProducer
Tests run: 2, Failures: 0, Errors: 0, Skipped: 0, Time elapsed: 0 sec - in org.apache.hc.core5.http.nio.entity.TestBasicAsyncEntityProducer
Running org.apache.hc.core5.http.TestContentType
Tests run: 10, Failures: 0, Errors: 0, Skipped: 0, Time elapsed: 0 sec - in org.apache.hc.core5.http.TestContentType
Running org.apache.hc.core5.http.io.entity.TestByteBufferEntity
Tests run: 3, Failures: 0, Errors: 0, Skipped: 0, Time elapsed: 0 sec - in org.apache.hc.core5.http.io.entity.TestByteBufferEntity
Running org.apache.hc.core5.http.io.entity.TestBasicHttpEntity
Tests run: 4, Failures: 0, Errors: 0, Skipped: 0, Time elapsed: 0.004 sec - in org.apache.hc.core5.http.io.entity.TestBasicHttpEntity
Running org.apache.hc.core5.http.io.entity.TestEntityUtils
Tests run: 24, Failures: 0, Errors: 0, Skipped: 0, Time elapsed: 0 sec - in org.apache.hc.core5.http.io.entity.TestEntityUtils
Running org.apache.hc.core5.http.io.entity.TestHttpEntityWrapper
Tests run: 4, Failures: 0, Errors: 0, Skipped: 0, Time elapsed: 0 sec - in org.apache.hc.core5.http.io.entity.TestHttpEntityWrapper
Running org.apache.hc.core5.http.io.entity.TestInputStreamEntity
Tests run: 7, Failures: 0, Errors: 0, Skipped: 0, Time elapsed: 0 sec - in org.apache.hc.core5.http.io.entity.TestInputStreamEntity
Running org.apache.hc.core5.http.io.entity.TestFileEntity
Tests run: 3, Failures: 0, Errors: 0, Skipped: 0, Time elapsed: 0 sec - in org.apache.hc.core5.http.io.entity.TestFileEntity
Running org.apache.hc.core5.http.io.entity.TestSerializableEntity
Tests run: 5, Failures: 0, Errors: 0, Skipped: 0, Time elapsed: 0 sec - in org.apache.hc.core5.http.io.entity.TestSerializableEntity
Running org.apache.hc.core5.http.io.entity.TestByteArrayEntity
Tests run: 8, Failures: 0, Errors: 0, Skipped: 0, Time elapsed: 0.002 sec - in org.apache.hc.core5.http.io.entity.TestByteArrayEntity
Running org.apache.hc.core5.http.io.entity.TestStringEntity
Tests run: 5, Failures: 0, Errors: 0, Skipped: 0, Time elapsed: 0 sec - in org.apache.hc.core5.http.io.entity.TestStringEntity
Running org.apache.hc.core5.http.io.entity.TestBufferedHttpEntity
Tests run: 5, Failures: 0, Errors: 0, Skipped: 0, Time elapsed: 0 sec - in org.apache.hc.core5.http.io.entity.TestBufferedHttpEntity
Running org.apache.hc.core5.http.io.TestEofSensorInputStream
Tests run: 10, Failures: 0, Errors: 0, Skipped: 0, Time elapsed: 0 sec - in org.apache.hc.core5.http.io.TestEofSensorInputStream
Running org.apache.hc.core5.http.io.TestUriHttpRequestHandlerMapper
Tests run: 5, Failures: 0, Errors: 0, Skipped: 0, Time elapsed: 0.037 sec - in org.apache.hc.core5.http.io.TestUriHttpRequestHandlerMapper
Running org.apache.hc.core5.http.TestHttpVersion
Tests run: 4, Failures: 0, Errors: 0, Skipped: 0, Time elapsed: 0.005 sec - in org.apache.hc.core5.http.TestHttpVersion
Running org.apache.hc.core5.http.TestHttpHost
Tests run: 8, Failures: 0, Errors: 0, Skipped: 0, Time elapsed: 0.007 sec - in org.apache.hc.core5.http.TestHttpHost
Running org.apache.hc.core5.http.message.TestHeaderGroup
Tests run: 11, Failures: 0, Errors: 0, Skipped: 0, Time elapsed: 0.006 sec - in org.apache.hc.core5.http.message.TestHeaderGroup
Running org.apache.hc.core5.http.message.TestBasicTokenIterator
Tests run: 6, Failures: 0, Errors: 0, Skipped: 0, Time elapsed: 0.002 sec - in org.apache.hc.core5.http.message.TestBasicTokenIterator
Running org.apache.hc.core5.http.message.TestNameValuePair
Tests run: 3, Failures: 0, Errors: 0, Skipped: 0, Time elapsed: 0.001 sec - in org.apache.hc.core5.http.message.TestNameValuePair
Running org.apache.hc.core5.http.message.TestBasicLineFormatter
Tests run: 7, Failures: 0, Errors: 0, Skipped: 0, Time elapsed: 0.008 sec - in org.apache.hc.core5.http.message.TestBasicLineFormatter
Running org.apache.hc.core5.http.message.TestBasicMessages
Tests run: 11, Failures: 0, Errors: 0, Skipped: 0, Time elapsed: 0.004 sec - in org.apache.hc.core5.http.message.TestBasicMessages
Running org.apache.hc.core5.http.message.TestBasicHeaderElementIterator
Tests run: 3, Failures: 0, Errors: 0, Skipped: 0, Time elapsed: 0.002 sec - in org.apache.hc.core5.http.message.TestBasicHeaderElementIterator
Running org.apache.hc.core5.http.message.TestBasicHeaderIterator
Tests run: 5, Failures: 0, Errors: 0, Skipped: 0, Time elapsed: 0.002 sec - in org.apache.hc.core5.http.message.TestBasicHeaderIterator
Running org.apache.hc.core5.http.message.TestBasicHeaderValueParser
Tests run: 8, Failures: 0, Errors: 0, Skipped: 0, Time elapsed: 0.007 sec - in org.apache.hc.core5.http.message.TestBasicHeaderValueParser
Running org.apache.hc.core5.http.message.TestBasicLineParser
Tests run: 8, Failures: 0, Errors: 0, Skipped: 0, Time elapsed: 0.005 sec - in org.apache.hc.core5.http.message.TestBasicLineParser
Running org.apache.hc.core5.http.message.TestBasicHeaderValueFormatter
Tests run: 5, Failures: 0, Errors: 0, Skipped: 0, Time elapsed: 0.002 sec - in org.apache.hc.core5.http.message.TestBasicHeaderValueFormatter
Running org.apache.hc.core5.http.message.TestHeaderElement
Tests run: 5, Failures: 0, Errors: 0, Skipped: 0, Time elapsed: 0.002 sec - in org.apache.hc.core5.http.message.TestHeaderElement
Running org.apache.hc.core5.http.message.TestHeader
Tests run: 5, Failures: 0, Errors: 0, Skipped: 0, Time elapsed: 0.001 sec - in org.apache.hc.core5.http.message.TestHeader
Running org.apache.hc.core5.http.message.TestBufferedHeader
Tests run: 3, Failures: 0, Errors: 0, Skipped: 0, Time elapsed: 0.004 sec - in org.apache.hc.core5.http.message.TestBufferedHeader
Running org.apache.hc.core5.http.message.TestBasicHeader
Tests run: 12, Failures: 0, Errors: 0, Skipped: 0, Time elapsed: 0 sec - in org.apache.hc.core5.http.message.TestBasicHeader
Running org.apache.hc.core5.http.message.TestMessageSupport
Tests run: 9, Failures: 0, Errors: 0, Skipped: 0, Time elapsed: 0 sec - in org.apache.hc.core5.http.message.TestMessageSupport
Running org.apache.hc.core5.http.message.TestTokenParser
Tests run: 10, Failures: 0, Errors: 0, Skipped: 0, Time elapsed: 0.004 sec - in org.apache.hc.core5.http.message.TestTokenParser
Running org.apache.hc.core5.http.impl.TestDefaultConnectionReuseStrategy
Tests run: 25, Failures: 0, Errors: 0, Skipped: 0, Time elapsed: 0.005 sec - in org.apache.hc.core5.http.impl.TestDefaultConnectionReuseStrategy
Running org.apache.hc.core5.http.impl.nio.TestIdentityEncoder
Tests run: 20, Failures: 0, Errors: 0, Skipped: 0, Time elapsed: 0.073 sec - in org.apache.hc.core5.http.impl.nio.TestIdentityEncoder
Running org.apache.hc.core5.http.impl.nio.TestLengthDelimitedEncoder
Tests run: 23, Failures: 0, Errors: 0, Skipped: 0, Time elapsed: 0.015 sec - in org.apache.hc.core5.http.impl.nio.TestLengthDelimitedEncoder
Running org.apache.hc.core5.http.impl.nio.TestLengthDelimitedDecoder
Tests run: 15, Failures: 0, Errors: 0, Skipped: 0, Time elapsed: 0.007 sec - in org.apache.hc.core5.http.impl.nio.TestLengthDelimitedDecoder
Running org.apache.hc.core5.http.impl.nio.ExceptionEventTest
Tests run: 3, Failures: 0, Errors: 0, Skipped: 0, Time elapsed: 0.006 sec - in org.apache.hc.core5.http.impl.nio.ExceptionEventTest
Running org.apache.hc.core5.http.impl.nio.TestSessionInOutBuffers
Tests run: 21, Failures: 0, Errors: 0, Skipped: 0, Time elapsed: 0.005 sec - in org.apache.hc.core5.http.impl.nio.TestSessionInOutBuffers
Running org.apache.hc.core5.http.impl.nio.TestChunkEncoder
Tests run: 9, Failures: 0, Errors: 0, Skipped: 0, Time elapsed: 0.003 sec - in org.apache.hc.core5.http.impl.nio.TestChunkEncoder
Running org.apache.hc.core5.http.impl.nio.TestIdentityDecoder
Tests run: 8, Failures: 0, Errors: 0, Skipped: 0, Time elapsed: 0.004 sec - in org.apache.hc.core5.http.impl.nio.TestIdentityDecoder
Running org.apache.hc.core5.http.impl.nio.TestChunkDecoder
Tests run: 21, Failures: 0, Errors: 0, Skipped: 0, Time elapsed: 0.007 sec - in org.apache.hc.core5.http.impl.nio.TestChunkDecoder
Running org.apache.hc.core5.http.impl.bootstrap.TestAsyncServerExchangeHandlerRegistry
Tests run: 2, Failures: 0, Errors: 0, Skipped: 0, Time elapsed: 0.002 sec - in org.apache.hc.core5.http.impl.bootstrap.TestAsyncServerExchangeHandlerRegistry
Running org.apache.hc.core5.http.impl.io.TestHttpService
Tests run: 12, Failures: 0, Errors: 0, Skipped: 0, Time elapsed: 0.073 sec - in org.apache.hc.core5.http.impl.io.TestHttpService
Running org.apache.hc.core5.http.impl.io.TestResponseParser
Tests run: 5, Failures: 0, Errors: 0, Skipped: 0, Time elapsed: 0.004 sec - in org.apache.hc.core5.http.impl.io.TestResponseParser
Running org.apache.hc.core5.http.impl.io.TestIdentityOutputStream
Tests run: 4, Failures: 0, Errors: 0, Skipped: 0, Time elapsed: 0.002 sec - in org.apache.hc.core5.http.impl.io.TestIdentityOutputStream
Running org.apache.hc.core5.http.impl.io.TestContentLengthOutputStream
Tests run: 2, Failures: 0, Errors: 0, Skipped: 0, Time elapsed: 0.001 sec - in org.apache.hc.core5.http.impl.io.TestContentLengthOutputStream
Running org.apache.hc.core5.http.impl.io.TestDefaultBHttpClientConnection
Tests run: 14, Failures: 0, Errors: 0, Skipped: 0, Time elapsed: 0.085 sec - in org.apache.hc.core5.http.impl.io.TestDefaultBHttpClientConnection
Running org.apache.hc.core5.http.impl.io.TestIdentityInputStream
Tests run: 4, Failures: 0, Errors: 0, Skipped: 0, Time elapsed: 0.001 sec - in org.apache.hc.core5.http.impl.io.TestIdentityInputStream
Running org.apache.hc.core5.http.impl.io.TestSessionInOutBuffers
Tests run: 20, Failures: 0, Errors: 0, Skipped: 0, Time elapsed: 0.072 sec - in org.apache.hc.core5.http.impl.io.TestSessionInOutBuffers
Running org.apache.hc.core5.http.impl.io.TestContentLengthInputStream
Tests run: 5, Failures: 0, Errors: 0, Skipped: 0, Time elapsed: 0 sec - in org.apache.hc.core5.http.impl.io.TestContentLengthInputStream
Running org.apache.hc.core5.http.impl.io.TestMessageParser
Tests run: 7, Failures: 0, Errors: 0, Skipped: 0, Time elapsed: 0.001 sec - in org.apache.hc.core5.http.impl.io.TestMessageParser
Running org.apache.hc.core5.http.impl.io.TestRequestParser
Tests run: 5, Failures: 0, Errors: 0, Skipped: 0, Time elapsed: 0.002 sec - in org.apache.hc.core5.http.impl.io.TestRequestParser
Running org.apache.hc.core5.http.impl.io.TestHttpRequestExecutor
Tests run: 12, Failures: 0, Errors: 0, Skipped: 0, Time elapsed: 0.066 sec - in org.apache.hc.core5.http.impl.io.TestHttpRequestExecutor
Running org.apache.hc.core5.http.impl.io.TestDefaultBHttpServerConnection
Tests run: 12, Failures: 0, Errors: 0, Skipped: 0, Time elapsed: 0.009 sec - in org.apache.hc.core5.http.impl.io.TestDefaultBHttpServerConnection
Running org.apache.hc.core5.http.impl.io.TestBHttpConnectionBase
Tests run: 19, Failures: 0, Errors: 0, Skipped: 0, Time elapsed: 0.077 sec - in org.apache.hc.core5.http.impl.io.TestBHttpConnectionBase
Running org.apache.hc.core5.http.impl.io.TestChunkCoding
Tests run: 25, Failures: 0, Errors: 0, Skipped: 0, Time elapsed: 0.004 sec - in org.apache.hc.core5.http.impl.io.TestChunkCoding
Running org.apache.hc.core5.http.impl.TestEnglishReasonPhraseCatalog
Tests run: 3, Failures: 0, Errors: 0, Skipped: 0, Time elapsed: 0 sec - in org.apache.hc.core5.http.impl.TestEnglishReasonPhraseCatalog
Running org.apache.hc.core5.http.impl.TestDefaultContentLengthStrategy
Tests run: 7, Failures: 0, Errors: 0, Skipped: 0, Time elapsed: 0.001 sec - in org.apache.hc.core5.http.impl.TestDefaultContentLengthStrategy
Running org.apache.hc.core5.util.TestArgs
Tests run: 33, Failures: 0, Errors: 0, Skipped: 0, Time elapsed: 0.001 sec - in org.apache.hc.core5.util.TestArgs
Running org.apache.hc.core5.util.TestTextUtils
Tests run: 4, Failures: 0, Errors: 0, Skipped: 0, Time elapsed: 0 sec - in org.apache.hc.core5.util.TestTextUtils
Running org.apache.hc.core5.util.TestLangUtils
Tests run: 5, Failures: 0, Errors: 0, Skipped: 0, Time elapsed: 0 sec - in org.apache.hc.core5.util.TestLangUtils
Running org.apache.hc.core5.util.TestAsserts
Tests run: 8, Failures: 0, Errors: 0, Skipped: 0, Time elapsed: 0.001 sec - in org.apache.hc.core5.util.TestAsserts
Running org.apache.hc.core5.util.TestByteArrayBuffer
Tests run: 15, Failures: 0, Errors: 0, Skipped: 0, Time elapsed: 0 sec - in org.apache.hc.core5.util.TestByteArrayBuffer
Running org.apache.hc.core5.util.TestTimeValue
Tests run: 14, Failures: 0, Errors: 0, Skipped: 0, Time elapsed: 0 sec - in org.apache.hc.core5.util.TestTimeValue
Running org.apache.hc.core5.util.TestCharArrayBuffer
Tests run: 22, Failures: 0, Errors: 0, Skipped: 0, Time elapsed: 0 sec - in org.apache.hc.core5.util.TestCharArrayBuffer
Running org.apache.hc.core5.util.TestTimeout
Tests run: 18, Failures: 0, Errors: 0, Skipped: 0, Time elapsed: 0 sec - in org.apache.hc.core5.util.TestTimeout
Running org.apache.hc.core5.ssl.TestSSLContextBuilder
Tests run: 15, Failures: 0, Errors: 0, Skipped: 0, Time elapsed: 0.703 sec - in org.apache.hc.core5.ssl.TestSSLContextBuilder
Running org.apache.hc.core5.concurrent.TestBasicFuture
Tests run: 9, Failures: 0, Errors: 0, Skipped: 0, Time elapsed: 0.313 sec - in org.apache.hc.core5.concurrent.TestBasicFuture
Running org.apache.hc.core5.concurrent.TestComplexFuture
Tests run: 3, Failures: 0, Errors: 0, Skipped: 0, Time elapsed: 0.007 sec - in org.apache.hc.core5.concurrent.TestComplexFuture

Results :

Tests run: 854, Failures: 0, Errors: 0, Skipped: 0

[INFO] ------------------------------------------------------------------------
[INFO] BUILD SUCCESS
[INFO] ------------------------------------------------------------------------
[INFO] Total time: 11.534s
[INFO] Finished at: Mon Oct 02 18:56:19 PDT 2017
[INFO] Final Memory: 43M/928M
[INFO] ------------------------------------------------------------------------
